<?xml version="1.0" encoding="UTF-8"?>
<!-- Generated by org.testng.reporters.JUnitReportReporter -->
<testsuite skipped="0" hostname="LAPTOP-KUHR709B" name="scripts._02_TechGlobalTest" tests="1" failures="0" timestamp="2022-06-11T14:45:04 CDT" time="7.103" errors="0">
  <testcase name="testApplicationFormHeading" time="7.103" classname="scripts._02_TechGlobalTest"/>
  <system-out/>
</testsuite> <!-- scripts._02_TechGlobalTest -->
