<?xml version="1.0" encoding="UTF-8"?>
<!-- Generated by org.testng.reporters.JUnitReportReporter -->
<testsuite skipped="1" hostname="LAPTOP-KUHR709B" name="scripts._01_AppleTest" tests="3" failures="0" timestamp="2022-05-29T15:05:22 CDT" time="14.367" errors="0">
  <testcase name="testAppleTitle" time="6.859" classname="scripts._01_AppleTest"/>
  <system-out/>
  <testcase name="testAppleURL" time="7.508" classname="scripts._01_AppleTest"/>
  <system-out/>
  <testcase name="X" classname="scripts._01_AppleTest">
    <skipped/>
  </testcase> <!-- X -->
  <system-out/>
</testsuite> <!-- scripts._01_AppleTest -->
