<?xml version="1.0" encoding="UTF-8"?>
<!-- Generated by org.testng.reporters.JUnitReportReporter -->
<testsuite skipped="0" hostname="LAPTOP-KUHR709B" name="scripts._04_GoogleSearchTest" tests="1" failures="0" timestamp="2022-06-11T14:59:33 CDT" time="7.502" errors="0">
  <testcase name="testGoogleStoreLink" time="7.502" classname="scripts._04_GoogleSearchTest"/>
  <system-out/>
</testsuite> <!-- scripts._04_GoogleSearchTest -->
