<?xml version="1.0" encoding="UTF-8"?>
<!-- Generated by org.testng.reporters.JUnitReportReporter -->
<testsuite skipped="1" hostname="LAPTOP-KUHR709B" name="scripts._01_AppleTest" tests="2" failures="0" timestamp="2022-06-11T14:59:33 CDT" time="6.351" errors="0">
  <testcase name="testAppleURL" time="6.351" classname="scripts._01_AppleTest"/>
  <system-out/>
  <testcase name="X" classname="scripts._01_AppleTest">
    <skipped/>
  </testcase> <!-- X -->
  <system-out/>
</testsuite> <!-- scripts._01_AppleTest -->
