<?xml version="1.0" encoding="UTF-8"?>
<!-- Generated by org.testng.reporters.JUnitReportReporter -->
<testsuite skipped="0" hostname="LAPTOP-KUHR709B" name="scripts._05_CheckBoxTest" tests="1" failures="0" timestamp="2022-06-11T14:59:33 CDT" time="14.295" errors="0">
  <testcase name="testCheckBoxInHeroApp" time="14.295" classname="scripts._05_CheckBoxTest"/>
  <system-out/>
</testsuite> <!-- scripts._05_CheckBoxTest -->
