<?xml version="1.0" encoding="UTF-8"?>
<!-- Generated by org.testng.reporters.JUnitReportReporter -->
<testsuite skipped="0" hostname="LAPTOP-KUHR709B" name="scripts._06_RadioButtonTest" tests="1" failures="0" timestamp="2022-06-11T14:59:33 CDT" time="14.516" errors="0">
  <testcase name="testFacebookGenderRadioButtons" time="14.516" classname="scripts._06_RadioButtonTest"/>
  <system-out/>
</testsuite> <!-- scripts._06_RadioButtonTest -->
